<?xml version="1.0" encoding="UTF-8"?>
<!-- Generated by org.testng.reporters.JUnitXMLReporter -->
<testsuite hostname="DESKTOP-1LUFCQJ" ignored="0" name="Default test" tests="8" failures="0" timestamp="02 Sep 2021 13:16:58 GMT" time="78.412" errors="0">
  <testcase name="tc1" time="9.897" classname="org.test.ExecutionClass"/>
  <testcase name="tc2" time="0.404" classname="org.test.ExecutionClass"/>
  <testcase name="tc3" time="0.102" classname="org.test.ExecutionClass"/>
  <testcase name="tc4" time="14.288" classname="org.test.ExecutionClass"/>
  <testcase name="tc5" time="5.154" classname="org.test.ExecutionClass"/>
  <testcase name="tc6" time="9.937" classname="org.test.ExecutionClass"/>
  <testcase name="tc7" time="0.148" classname="org.test.ExecutionClass"/>
  <testcase name="tc8" time="14.939" classname="org.test.ExecutionClass"/>
</testsuite> <!-- Default test -->
