<?xml version="1.0" encoding="UTF-8"?>
<!-- Generated by org.testng.reporters.JUnitXMLReporter -->
<testsuite hostname="DESKTOP-1LUFCQJ" ignored="0" name="Test" tests="9" failures="0" timestamp="02 Sep 2021 14:27:21 GMT" time="67.016" errors="0">
  <testcase name="tc1" time="3.703" classname="org.test.ExecutionClass"/>
  <testcase name="tc2" time="0.858" classname="org.test.ExecutionClass"/>
  <testcase name="tc3" time="6.483" classname="org.test.ExecutionClass"/>
  <testcase name="tc4" time="11.979" classname="org.test.ExecutionClass"/>
  <testcase name="tc5" time="6.855" classname="org.test.ExecutionClass"/>
  <testcase name="tc6" time="0.001" classname="org.test.ExecutionClass"/>
  <testcase name="tc7" time="6.778" classname="org.test.ExecutionClass"/>
  <testcase name="tc8" time="12.376" classname="org.test.ExecutionClass"/>
  <testcase name="tc9" time="5.591" classname="org.test.ExecutionClass"/>
</testsuite> <!-- Test -->
